<?xml version="1.0" encoding="UTF-8"?>
<testng-results ignored="0" total="1" passed="1" failed="0" skipped="0">
  <reporter-output>
  </reporter-output>
  <suite started-at="2023-02-27T20:28:00Z" name="COB:Pagar" finished-at="2023-02-27T20:31:59Z" duration-ms="239340">
    <groups>
    </groups>
    <test started-at="2023-02-27T20:28:00Z" name="COBTest" finished-at="2023-02-27T20:31:59Z" duration-ms="239340">
      <class name="test.generators.cobro.pagar.PagarObjetoTributarioGen">
        <test-method is-config="true" signature="setUpSuite()[pri:0, instance:test.generators.cobro.pagar.PagarObjetoTributarioGen@667a738]" started-at="2023-02-27T20:27:55Z" name="setUpSuite" finished-at="2023-02-27T20:28:00Z" duration-ms="4406" status="PASS">
          <reporter-output>
          </reporter-output>
        </test-method> <!-- setUpSuite -->
        <test-method signature="pagar()[pri:0, instance:test.generators.cobro.pagar.PagarObjetoTributarioGen@667a738]" started-at="2023-02-27T20:28:00Z" name="pagar" finished-at="2023-02-27T20:31:59Z" duration-ms="239318" status="PASS">
          <reporter-output>
          </reporter-output>
        </test-method> <!-- pagar -->
        <test-method is-config="true" signature="tearDownSuite()[pri:0, instance:test.generators.cobro.pagar.PagarObjetoTributarioGen@667a738]" started-at="2023-02-27T20:31:59Z" name="tearDownSuite" finished-at="2023-02-27T20:31:59Z" duration-ms="115" status="PASS">
          <reporter-output>
          </reporter-output>
        </test-method> <!-- tearDownSuite -->
      </class> <!-- test.generators.cobro.pagar.PagarObjetoTributarioGen -->
    </test> <!-- COBTest -->
  </suite> <!-- COB:Pagar -->
</testng-results>
